生成启动时间为 2019/10/22 20:46:10。
     1>项目“E:\code\C_code\10_20\10_20.vcxproj”在节点 2 上(Build 个目标)。
     1>ClCompile:
         D:\安装包\vs2013\VC\bin\CL.exe /c /ZI /nologo /W3 /WX- /Od /Oy- /D WIN32 /D _DEBUG /D _CONSOLE /D _LIB /D _UNICODE /D UNICODE /Gm /EHsc /RTC1 /MDd /GS /fp:precise /Zc:wchar_t /Zc:forScope /Fo"Debug\\" /Fd"Debug\vc120.pdb" /Gd /TC /analyze- /errorReport:prompt test.c
         test.c
     1>e:\code\c_code\10_20\seqlist.h(45): warning C4013: “memcpy”未定义；假设外部返回 int
     1>e:\code\c_code\10_20\seqlist.h(102): warning C4018: “<”: 有符号/无符号不匹配
     1>e:\code\c_code\10_20\seqlist.h(126): warning C4018: “<”: 有符号/无符号不匹配
     1>e:\code\c_code\10_20\seqlist.h(146): warning C4018: “>=”: 有符号/无符号不匹配
     1>e:\code\c_code\10_20\seqlist.h(156): warning C4018: “<”: 有符号/无符号不匹配
     1>e:\code\c_code\10_20\seqlist.h(166): warning C4018: “>=”: 有符号/无符号不匹配
     1>e:\code\c_code\10_20\seqlist.h(168): warning C4018: “<”: 有符号/无符号不匹配
     1>e:\code\c_code\10_20\seqlist.h(184): warning C4018: “>”: 有符号/无符号不匹配
     1>e:\code\c_code\10_20\seqlist.h(215): warning C4018: “<”: 有符号/无符号不匹配
     1>e:\code\c_code\10_20\seqlist.h(219): warning C4018: “<”: 有符号/无符号不匹配
     1>e:\code\c_code\10_20\seqlist.h(228): warning C4018: “<”: 有符号/无符号不匹配
     1>e:\code\c_code\10_20\seqlist.h(230): warning C4018: “<”: 有符号/无符号不匹配
     1>e:\code\c_code\10_20\dclist.h(38): warning C4133: “初始化”: 从“DCListNode *”到“DCList *”的类型不兼容
     1>e:\code\c_code\10_20\dclist.h(39): warning C4133: “=”: 从“DCList *”到“DCListNode *”的类型不兼容
     1>e:\code\c_code\10_20\test.c(15): warning C4101: “index”: 未引用的局部变量
     1>e:\code\c_code\10_20\test.c(78): warning C4700: 使用了未初始化的局部变量“flag”
       Link:
         D:\安装包\vs2013\VC\bin\link.exe /ERRORREPORT:PROMPT /OUT:"E:\code\C_code\10_20\Debug\10_20.exe" /INCREMENTAL /NOLOGO kernel32.lib user32.lib gdi32.lib winspool.lib comdlg32.lib advapi32.lib shell32.lib ole32.lib oleaut32.lib uuid.lib odbc32.lib odbccp32.lib /MANIFEST /MANIFESTUAC:"level='asInvoker' uiAccess='false'" /manifest:embed /DEBUG /PDB:"E:\code\C_code\10_20\Debug\10_20.pdb" /SUBSYSTEM:CONSOLE /TLBID:1 /DYNAMICBASE /NXCOMPAT /IMPLIB:"E:\code\C_code\10_20\Debug\10_20.lib" /MACHINE:X86 Debug\test.obj
         10_20.vcxproj -> E:\code\C_code\10_20\Debug\10_20.exe
     1>已完成生成项目“E:\code\C_code\10_20\10_20.vcxproj”(Build 个目标)的操作。

生成成功。

已用时间 00:00:00.69
